
ROM used: 198 (1%)
          198 (1%) including unused fragments

          1 Average locations per line
          50 Average locations per statement

RAM used: 6 (0%) at main() level
          7 (0%) worst case

Stack used: 1 worst case (out of 31 total available)

Lines Stmts  %   Files
----- ----- ---  -----
   22     4 100  ctrl.c
  359     0   0  ..\..\..\..\..\PICC\devices\18F452.h
----- -----
  381     4 Total

Page ROM  %  RAM   Vol Diff  Functions:
---- --- --- ---   --- ----  ----------
0     40  10   1             @delay_ms1
0     68  17   1    70  1.5  main
0     26   7   0             @const71
0     34   9   2             @PSTRINGC_9600_31766_31767
0     26   7   0             @const73

Program metrics:
    Functions               1
    Statements              4
    Comments                96
    Volume (V)              76
    Difficilty (D)          1.1
    Effort to implement (E) 82
    Time to implement (T)   0 minutes
    Est Delivered Bugs (B)  0
    Cyclomatic Complexity   1
    Maintainability (MI)    151

 Segment     Used  Free
-----------  ----  ----
00000-00002     4  0  
00004-07FFE   194  32570  



