
ROM used:   456 (22%)
            456 (22%) including unused fragments

            1 Average locations per line
            6 Average locations per statement

RAM used:   54 (24%) at main() level
            64 (29%) worst case

Stack used: 5/8 worst case (3 in main + 2 for interrupts)

Lines Stmts  %   Files
----- ----- ---  -----
   65    30  40  lcd232.c
  223     0   0  C:\PICC\devices\16F628A.h
   81    45  60  lcd_4b.c
----- -----
  369    75 Total

Page ROM  %  RAM   Vol Diff  Functions:
---- --- --- ---   --- ----  ----------
0     21   5   1             @delay_ms1
0     39   9   1   260  1.9  lcd_cmd
0     37   8   3   199  2.7  lcd_envia_byte
 Inline        3   173  5.0  lcd_pos_xy
0     53  12   1   290  4.1  lcd
0     64  14   1   488  3.8  lcd_init
0      6   1   0    50  1.5  isr_timer1
0     44  10   2   244  4.8  serial_isr
0      5   1   0             @const85
0    122  27   2   374  4.1  MAIN
0     10   2   0             @const89
 Inline        0             @cinit1

Program metrics:
    Functions               8
    Statements              75
    Comments                88
    Volume (V)              3252
    Difficulty (D)          27.5
    Effort to implement (E) 89466
    Time to implement (T)   1 hours, 23 minutes
    Est Delivered Bugs (B)  1
    Cyclomatic Complexity   9
    Maintainability (MI)    58

 Segment     Used  Free
-----------  ----  ----
00000-00003     4  0  
00004-00036    51  0  
00037-007FF   401  1592  



