
ROM used: 71 (3%)
          71 (3%) including unused fragments

          0 Average locations per line
          1 Average locations per statement

RAM used: 5 (2%) at main() level
          6 (3%) worst case

Stack used: 1 worst case (out of 8 total available)

Lines Stmts  %   Files
----- ----- ---  -----
   34    10  18  lcd232.c
  224     0   0  C:\PICC\devices\16F628A.h
   81    45  82  lcd_4b.c
----- -----
  339    55 Total

Page ROM  %  RAM   Vol Diff  Functions:
---- --- --- ---   --- ----  ----------
0     21  30   1             @delay_ms1
0     46  65   0   174  2.2  MAIN

Program metrics:
    Functions               1
    Statements              55
    Comments                95
    Volume (V)              176
    Difficilty (D)          2.1
    Effort to implement (E) 375
    Time to implement (T)   0 minutes
    Est Delivered Bugs (B)  0
    Cyclomatic Complexity   1
    Maintainability (MI)    108

 Segment     Used  Free
-----------  ----  ----
00000-00003     4  0  
00004-007FF    67  1977  



